[debug] > Exec(;reload; set _root_.org.jetbrains.sbt.StructureKeys.sbtStructureOptions in Global := "download resolveClassifiers resolveSbtClassifiers" ;preferScala2;*/*:dumpStructureTo C:/Users/Me/AppData/Local/Temp/sbt-structure.xml; session clear-all ; set ideaPort in Global := 55046, None, None)
[debug] > Exec(reload, None, None)
[debug] > Exec(sbtStashOnFailure, None, None)
[debug] > Exec(onFailure loadFailed, None, None)
[debug] > Exec(loadp, None, None)
[info] welcome to sbt 1.6.2 (Oracle Corporation Java 1.8.0_333)
[debug]       Load.loadUnit: plugins took 87.0576ms
[debug]       Load.loadUnit: defsScala took 0.0107ms
[debug] [Loading] Scanning directory C:\Users\Me\.sbt\1.0\plugins
[debug] [Loading] Found non-root projects 
[debug] [Loading] Done in C:\Users\Me\.sbt\1.0\plugins, returning: ()
[debug] deducing auto plugins based on known facts Set(Atom(sbt.plugins.CorePlugin)) and clauses Clauses(Clause(Atom(sbt.plugins.JvmPlugin),Set(Atom(sbt.plugins.IvyPlugin)))
[debug] Clause(Atom(sbt.ScriptedPlugin),Set(Atom(sbt.plugins.JvmPlugin)))
[debug] Clause(Atom(sbt.plugins.SbtPlugin),Set(Atom(sbt.ScriptedPlugin)))
[debug] Clause(Atom(sbt.plugins.SemanticdbPlugin),Set(Atom(sbt.plugins.JvmPlugin)))
[debug] Clause(Atom(sbt.plugins.JUnitXmlReportPlugin),Set(Atom(sbt.plugins.JvmPlugin)))
[debug] Clause(Atom(sbt.plugins.MiniDependencyTreePlugin),Set(Atom(sbt.plugins.JvmPlugin)))
[debug] Clause(Atom(sbt.plugins.CorePlugin),Set(Atom(sbt.plugins.IvyPlugin)))
[debug] Clause(Atom(sbt.plugins.IvyPlugin),Set(Atom(sbt.plugins.JvmPlugin)))
[debug] Clause(Atom(sbt.plugins.JvmPlugin),Set(Atom(sbt.plugins.SemanticdbPlugin)))
[debug] Clause(Atom(sbt.plugins.JvmPlugin),Set(Atom(sbt.plugins.JUnitXmlReportPlugin)))
[debug] Clause(Atom(sbt.plugins.CorePlugin),Set(Atom(sbt.plugins.Giter8TemplatePlugin)))
[debug] Clause(Atom(sbt.plugins.JvmPlugin),Set(Atom(sbt.plugins.MiniDependencyTreePlugin))))
[debug]   :: deduced result: Matched(sbt.plugins.CorePlugin,sbt.plugins.Giter8TemplatePlugin,sbt.plugins.IvyPlugin,sbt.plugins.JvmPlugin,sbt.plugins.MiniDependencyTreePlugin,sbt.plugins.JUnitXmlReportPlugin,sbt.plugins.SemanticdbPlugin)
[debug] Plugins.deducer#function took 5.9593 ms
[debug]           Load.resolveProject(global-plugins) took 1.8082ms
[debug]         Load.loadTransitive: finalizeProject(Project(id global-plugins, base: C:\Users\Me\.sbt\1.0\plugins, plugins: List(<none>))) took 8.5609ms
[debug] [Loading] Done in C:\Users\Me\.sbt\1.0\plugins, returning: (global-plugins)
[debug]       Load.loadUnit: loadedProjectsRaw took 12.3092ms
[debug]       Load.loadUnit: cleanEvalClasses took 0.0154ms
[debug]     Load.loadUnit(file:/C:/Users/Me/.sbt/1.0/plugins/, ...) took 118.4607ms
[debug]   Load.apply: load took 121.0747ms
[debug]   Load.apply: resolveProjects took 0.4513ms
[debug]   Load.apply: finalTransforms took 43.2076ms
[debug]   Load.apply: config.delegates took 0.4125ms
[debug]   Load.apply: Def.make(settings)... took 131.1621ms
[debug]   Load.apply: structureIndex took 39.0275ms
[debug]   Load.apply: mkStreams took 0.0064ms
[info] loading global plugins from C:\Users\Me\.sbt\1.0\plugins
[debug] Running task... Cancel: Signal, check cycles: false, forcegc: true
[debug] Forcing garbage collection...
[debug] Load.defaultLoad until apply took 2641.2827ms
[debug]           Load.loadUnit: plugins took 56.9388ms
[debug]           Load.loadUnit: defsScala took 0.0051ms
[debug] [Loading] Scanning directory C:\Users\Me\IdeaProjects\Scala_Test\project
[debug]             Load.loadUnit: mkEval took 0.6625ms
[debug] [Loading] Found non-root projects 
[debug] [Loading] Done in C:\Users\Me\IdeaProjects\Scala_Test\project, returning: ()
[debug] deducing auto plugins based on known facts Set(Atom(sbt.plugins.CorePlugin)) and clauses Clauses(Clause(Atom(sbt.plugins.JvmPlugin),Set(Atom(sbt.plugins.IvyPlugin)))
[debug] Clause(Atom(sbt.ScriptedPlugin),Set(Atom(sbt.plugins.JvmPlugin)))
[debug] Clause(Atom(sbt.plugins.SbtPlugin),Set(Atom(sbt.ScriptedPlugin)))
[debug] Clause(Atom(sbt.plugins.SemanticdbPlugin),Set(Atom(sbt.plugins.JvmPlugin)))
[debug] Clause(Atom(sbt.plugins.JUnitXmlReportPlugin),Set(Atom(sbt.plugins.JvmPlugin)))
[debug] Clause(Atom(sbt.plugins.MiniDependencyTreePlugin),Set(Atom(sbt.plugins.JvmPlugin)))
[debug] Clause(Atom(sbt.plugins.CorePlugin),Set(Atom(sbt.plugins.IvyPlugin)))
[debug] Clause(Atom(sbt.plugins.IvyPlugin),Set(Atom(sbt.plugins.JvmPlugin)))
[debug] Clause(Atom(sbt.plugins.JvmPlugin),Set(Atom(sbt.plugins.SemanticdbPlugin)))
[debug] Clause(Atom(sbt.plugins.JvmPlugin),Set(Atom(sbt.plugins.JUnitXmlReportPlugin)))
[debug] Clause(Atom(sbt.plugins.CorePlugin),Set(Atom(sbt.plugins.Giter8TemplatePlugin)))
[debug] Clause(Atom(sbt.plugins.JvmPlugin),Set(Atom(sbt.plugins.MiniDependencyTreePlugin))))
[debug]   :: deduced result: Matched(sbt.plugins.CorePlugin,sbt.plugins.Giter8TemplatePlugin,sbt.plugins.IvyPlugin,sbt.plugins.JvmPlugin,sbt.plugins.MiniDependencyTreePlugin,sbt.plugins.JUnitXmlReportPlugin,sbt.plugins.SemanticdbPlugin)
[debug] Plugins.deducer#function took 2.6474 ms
[info] loading settings for project scala_test-build from idea4.sbt ...
[debug]               Load.resolveProject(scala_test-build) took 6.4105ms
[debug]             Load.loadTransitive: finalizeProject(Project(id scala_test-build, base: C:\Users\Me\IdeaProjects\Scala_Test\project, plugins: List(<none>))) took 10.0745ms
[debug] [Loading] Done in C:\Users\Me\IdeaProjects\Scala_Test\project, returning: (scala_test-build)
[debug]           Load.loadUnit: loadedProjectsRaw took 55.6024ms
[debug]           Load.loadUnit: cleanEvalClasses took 3.0433ms
[debug]         Load.loadUnit(file:/C:/Users/Me/IdeaProjects/Scala_Test/project/, ...) took 117.4219ms
[debug]       Load.apply: load took 120.1859ms
[debug]       Load.apply: resolveProjects took 0.3405ms
[debug]       Load.apply: finalTransforms took 13.9884ms
[debug]       Load.apply: config.delegates took 0.5523ms
[debug]       Load.apply: Def.make(settings)... took 89.3441ms
[debug]       Load.apply: structureIndex took 24.2328ms
[debug]       Load.apply: mkStreams took 0.0033ms
[info] loading project definition from C:\Users\Me\IdeaProjects\Scala_Test\project
[debug] Running task... Cancel: Signal, check cycles: false, forcegc: true
[debug]     Load.loadUnit: plugins took 569.6319ms
[debug]     Load.loadUnit: defsScala took 0.0052ms
[debug] [Loading] Scanning directory C:\Users\Me\IdeaProjects\Scala_Test
[debug]       Load.loadUnit: mkEval took 0.49ms
[debug] [Loading] Found root project root w/ remaining 
[debug] deducing auto plugins based on known facts Set(Atom(sbt.plugins.CorePlugin)) and clauses Clauses(Clause(Atom(sbt.plugins.JvmPlugin),Set(Atom(sbt.plugins.IvyPlugin)))
[debug] Clause(Atom(sbt.ScriptedPlugin),Set(Atom(sbt.plugins.JvmPlugin)))
[debug] Clause(Atom(sbt.plugins.SbtPlugin),Set(Atom(sbt.ScriptedPlugin)))
[debug] Clause(Atom(sbt.plugins.SemanticdbPlugin),Set(Atom(sbt.plugins.JvmPlugin)))
[debug] Clause(Atom(sbt.plugins.JUnitXmlReportPlugin),Set(Atom(sbt.plugins.JvmPlugin)))
[debug] Clause(Atom(sbt.plugins.MiniDependencyTreePlugin),Set(Atom(sbt.plugins.JvmPlugin)))
[debug] Clause(Atom(org.jetbrains.sbt.StructurePlugin),Set(Atom(sbt.plugins.JvmPlugin)))
[debug] Clause(Atom(org.jetbrains.sbt.IdeaShellPlugin),Set(Atom(sbt.plugins.JvmPlugin)))
[debug] Clause(Atom(org.jetbrains.sbt.indices.SbtIntellijIndicesPlugin),Set(Atom(sbt.plugins.JvmPlugin)))
[debug] Clause(Atom(sbt.plugins.CorePlugin),Set(Atom(sbt.plugins.IvyPlugin)))
[debug] Clause(Atom(sbt.plugins.IvyPlugin),Set(Atom(sbt.plugins.JvmPlugin)))
[debug] Clause(Atom(sbt.plugins.JvmPlugin),Set(Atom(sbt.plugins.SemanticdbPlugin)))
[debug] Clause(Atom(sbt.plugins.JvmPlugin),Set(Atom(sbt.plugins.JUnitXmlReportPlugin)))
[debug] Clause(Atom(sbt.plugins.CorePlugin),Set(Atom(sbt.plugins.Giter8TemplatePlugin)))
[debug] Clause(Atom(sbt.plugins.JvmPlugin),Set(Atom(sbt.plugins.MiniDependencyTreePlugin)))
[debug] Clause(Atom(sbt.plugins.JvmPlugin),Set(Atom(org.jetbrains.sbt.StructurePlugin)))
[debug] Clause(Atom(sbt.plugins.JvmPlugin),Set(Atom(org.jetbrains.sbt.IdeaShellPlugin)))
[debug] Clause(And(Set(Atom(sbt.plugins.CorePlugin), Atom(sbt.plugins.JvmPlugin))),Set(Atom(org.jetbrains.sbt.indices.SbtIntellijIndicesPlugin))))
[debug]   :: deduced result: Matched(sbt.plugins.CorePlugin,sbt.plugins.Giter8TemplatePlugin,sbt.plugins.IvyPlugin,sbt.plugins.JvmPlugin,sbt.plugins.SemanticdbPlugin,org.jetbrains.sbt.indices.SbtIntellijIndicesPlugin,sbt.plugins.JUnitXmlReportPlugin,org.jetbrains.sbt.IdeaShellPlugin,org.jetbrains.sbt.StructurePlugin,sbt.plugins.MiniDependencyTreePlugin)
[debug] Plugins.deducer#function took 135.0702 ms
[info] loading settings for project root from build.sbt ...
[debug]         Load.resolveProject(root) took 737.8405ms
[debug]       Load.loadTransitive: finalizeProject(Project(id root, base: C:\Users\Me\IdeaProjects\Scala_Test, plugins: List(<none>))) took 873.884ms
[debug] [Loading] Done in C:\Users\Me\IdeaProjects\Scala_Test, returning: (root)
[debug]     Load.loadUnit: loadedProjectsRaw took 2654.6212ms
[debug]     Load.loadUnit: cleanEvalClasses took 279.2493ms
[debug]   Load.loadUnit(file:/C:/Users/Me/IdeaProjects/Scala_Test/, ...) took 3505.5792ms
[debug] Load.apply: load took 3508.3787ms
[debug] Load.apply: resolveProjects took 0.1504ms
[debug] Load.apply: finalTransforms took 35.3644ms
[debug] Load.apply: config.delegates took 0.387ms
[debug] Load.apply: Def.make(settings)... took 111.8362ms
[debug] Load.apply: structureIndex took 39.3796ms
[debug] Load.apply: mkStreams took 0.0037ms
[warn] Discarding 1 session setting.  Use 'session save' to persist session settings.
[info] set current project to Scala_Sbt_Test (in build file:/C:/Users/Me/IdeaProjects/Scala_Test/)
[debug] > Exec(sbtPopOnFailure, None, None)
[debug] > Exec(resumeFromFailure, None, None)
[debug] > Exec(set _root_.org.jetbrains.sbt.StructureKeys.sbtStructureOptions in Global := "download resolveClassifiers resolveSbtClassifiers", None, None)
[info] Defining Global / sbtStructureOptions
[info] The new value will be used by Global / ssOptions
[debug] Defining 
[debug] 	Global / sbtStructureOptions
[debug] 
[debug] The new value will be used by 
[debug] 	Global / ssOptions
[info] Reapplying settings...
[info] set current project to Scala_Sbt_Test (in build file:/C:/Users/Me/IdeaProjects/Scala_Test/)
[debug] > Exec(preferScala2, None, None)
[debug] > Exec(*/*:dumpStructureTo C:/Users/Me/AppData/Local/Temp/sbt-structure.xml, None, None)
[debug] Evaluating tasks: Global / dumpStructureTo
[warn] sbt 0.13 shell syntax is deprecated; use slash syntax instead: Global / dumpStructureTo
[debug] Running task... Cancel: Signal, check cycles: false, forcegc: true
[warn] Unrecognized repository Scala Plugin Bundled Repository, ignoring it
[warn] Unrecognized repository Scala Plugin Bundled Repository, ignoring it
[warn] Unrecognized repository Scala Plugin Bundled Repository, ignoring it
[info] Writing structure to C:\Users\Me\AppData\Local\Temp\sbt-structure.xml...
[info] Done.
[success] Total time: 10 s, completed Jul 24, 2022 12:51:52 PM
[debug] > Exec(session clear-all, None, None)
[info] Reapplying settings...
[info] set current project to Scala_Sbt_Test (in build file:/C:/Users/Me/IdeaProjects/Scala_Test/)
[debug] > Exec(set ideaPort in Global := 55046, None, None)
[info] Defining Global / ideaPort
[info] The new value will be used by Compile / compile, Test / compile
[debug] Defining 
[debug] 	Global / ideaPort
[debug] 
[debug] The new value will be used by 
[debug] 	Compile / compile
[debug] 	Test / compile
[info] Reapplying settings...
[info] set current project to Scala_Sbt_Test (in build file:/C:/Users/Me/IdeaProjects/Scala_Test/)
[debug] > Exec(idea-shell, None, None)
[debug] > Exec(, None, None)
[debug] > Exec(idea-shell, None, None)
